[2025-02-17T09:05:53.023+0000] {local_task_job_runner.py:120} INFO - ::group::Pre task execution logs
[2025-02-17T09:05:53.044+0000] {taskinstance.py:2076} INFO - Dependencies all met for dep_context=non-requeueable deps ti=<TaskInstance: my_first_trino_dag.task_4 manual__2025-02-17T09:05:50.030854+00:00 [queued]>
[2025-02-17T09:05:53.053+0000] {taskinstance.py:2076} INFO - Dependencies all met for dep_context=requeueable deps ti=<TaskInstance: my_first_trino_dag.task_4 manual__2025-02-17T09:05:50.030854+00:00 [queued]>
[2025-02-17T09:05:53.053+0000] {taskinstance.py:2306} INFO - Starting attempt 1 of 1
[2025-02-17T09:05:53.065+0000] {taskinstance.py:2330} INFO - Executing <Task(TrinoOperator): task_4> on 2025-02-17 09:05:50.030854+00:00
[2025-02-17T09:05:53.071+0000] {warnings.py:112} WARNING - /home/***/.local/lib/python3.12/site-packages/***/task/task_runner/standard_task_runner.py:61: DeprecationWarning: This process (pid=2270) is multi-threaded, use of fork() may lead to deadlocks in the child.
  pid = os.fork()

[2025-02-17T09:05:53.072+0000] {standard_task_runner.py:63} INFO - Started process 2272 to run task
[2025-02-17T09:05:53.072+0000] {standard_task_runner.py:90} INFO - Running: ['***', 'tasks', 'run', 'my_first_trino_dag', 'task_4', 'manual__2025-02-17T09:05:50.030854+00:00', '--job-id', '25', '--raw', '--subdir', 'DAGS_FOLDER/my_first_trino_dag.py', '--cfg-path', '/tmp/tmpm9fxhjyx']
[2025-02-17T09:05:53.073+0000] {standard_task_runner.py:91} INFO - Job 25: Subtask task_4
[2025-02-17T09:05:53.114+0000] {task_command.py:426} INFO - Running <TaskInstance: my_first_trino_dag.task_4 manual__2025-02-17T09:05:50.030854+00:00 [running]> on host 800d9ac51cc2
[2025-02-17T09:05:53.197+0000] {taskinstance.py:2648} INFO - Exporting env vars: AIRFLOW_CTX_DAG_OWNER='***' AIRFLOW_CTX_DAG_ID='my_first_trino_dag' AIRFLOW_CTX_TASK_ID='task_4' AIRFLOW_CTX_EXECUTION_DATE='2025-02-17T09:05:50.030854+00:00' AIRFLOW_CTX_TRY_NUMBER='1' AIRFLOW_CTX_DAG_RUN_ID='manual__2025-02-17T09:05:50.030854+00:00'
[2025-02-17T09:05:53.198+0000] {taskinstance.py:430} INFO - ::endgroup::
[2025-02-17T09:05:53.210+0000] {trino_operator.py:39} INFO - Creating Trino connection
[2025-02-17T09:05:53.211+0000] {trino_operator.py:53} INFO - Executing multiple sql statements
[2025-02-17T09:05:53.220+0000] {base.py:84} INFO - Using connection ID 'trino_connection' for task execution.
[2025-02-17T09:05:53.226+0000] {base.py:84} INFO - Using connection ID 'trino_connection' for task execution.
[2025-02-17T09:05:53.229+0000] {unix.py:142} WARNING - /etc/timezone is deprecated on Debian, and no longer reliable. Ignoring.
[2025-02-17T09:05:53.230+0000] {sql.py:511} INFO - Running statement: set time zone 'America/Chicago', parameters: None
[2025-02-17T09:05:53.264+0000] {warnings.py:112} WARNING - /home/***/.local/lib/python3.12/site-packages/***/providers/common/sql/hooks/sql.py:471: DeprecationWarning: Import of return_single_query_results from the '***.providers.common.sql.hooks' module is deprecated and will
be removed in the future. Please import it from '***.providers.common.sql.hooks.handlers'.
  if return_single_query_results(sql, return_last, split_statements):

[2025-02-17T09:05:53.264+0000] {sql.py:511} INFO - Running statement:  select now(), parameters: None
[2025-02-17T09:05:53.303+0000] {sql.py:511} INFO - Running statement:  set time zone 'UTC' , parameters: None
[2025-02-17T09:05:53.330+0000] {sql.py:511} INFO - Running statement:  select now(), parameters: None
[2025-02-17T09:05:53.373+0000] {warnings.py:112} WARNING - /home/***/.local/lib/python3.12/site-packages/***/providers/common/sql/hooks/sql.py:486: DeprecationWarning: Import of return_single_query_results from the '***.providers.common.sql.hooks' module is deprecated and will
be removed in the future. Please import it from '***.providers.common.sql.hooks.handlers'.
  if return_single_query_results(sql, return_last, split_statements):

[2025-02-17T09:05:53.373+0000] {taskinstance.py:441} INFO - ::group::Post task execution logs
[2025-02-17T09:05:53.394+0000] {taskinstance.py:1206} INFO - Marking task as SUCCESS. dag_id=my_first_trino_dag, task_id=task_4, run_id=manual__2025-02-17T09:05:50.030854+00:00, execution_date=20250217T090550, start_date=20250217T090553, end_date=20250217T090553
[2025-02-17T09:05:53.446+0000] {local_task_job_runner.py:240} INFO - Task exited with return code 0
[2025-02-17T09:05:53.461+0000] {taskinstance.py:3503} INFO - 0 downstream tasks scheduled from follow-on schedule check
[2025-02-17T09:05:53.462+0000] {local_task_job_runner.py:222} INFO - ::endgroup::
