[2025-02-17T08:55:50.250+0000] {local_task_job_runner.py:120} INFO - ::group::Pre task execution logs
[2025-02-17T08:55:50.275+0000] {taskinstance.py:2076} INFO - Dependencies all met for dep_context=non-requeueable deps ti=<TaskInstance: my_first_trino_dag.task_4 manual__2025-02-17T08:55:47.037039+00:00 [queued]>
[2025-02-17T08:55:50.286+0000] {taskinstance.py:2076} INFO - Dependencies all met for dep_context=requeueable deps ti=<TaskInstance: my_first_trino_dag.task_4 manual__2025-02-17T08:55:47.037039+00:00 [queued]>
[2025-02-17T08:55:50.287+0000] {taskinstance.py:2306} INFO - Starting attempt 1 of 1
[2025-02-17T08:55:50.300+0000] {taskinstance.py:2330} INFO - Executing <Task(TrinoOperator): task_4> on 2025-02-17 08:55:47.037039+00:00
[2025-02-17T08:55:50.307+0000] {warnings.py:112} WARNING - /home/***/.local/lib/python3.12/site-packages/***/task/task_runner/standard_task_runner.py:61: DeprecationWarning: This process (pid=2136) is multi-threaded, use of fork() may lead to deadlocks in the child.
  pid = os.fork()

[2025-02-17T08:55:50.308+0000] {standard_task_runner.py:63} INFO - Started process 2139 to run task
[2025-02-17T08:55:50.308+0000] {standard_task_runner.py:90} INFO - Running: ['***', 'tasks', 'run', 'my_first_trino_dag', 'task_4', 'manual__2025-02-17T08:55:47.037039+00:00', '--job-id', '22', '--raw', '--subdir', 'DAGS_FOLDER/my_first_trino_dag.py', '--cfg-path', '/tmp/tmp2glfwbfv']
[2025-02-17T08:55:50.309+0000] {standard_task_runner.py:91} INFO - Job 22: Subtask task_4
[2025-02-17T08:55:50.354+0000] {task_command.py:426} INFO - Running <TaskInstance: my_first_trino_dag.task_4 manual__2025-02-17T08:55:47.037039+00:00 [running]> on host 800d9ac51cc2
[2025-02-17T08:55:50.433+0000] {taskinstance.py:2648} INFO - Exporting env vars: AIRFLOW_CTX_DAG_OWNER='***' AIRFLOW_CTX_DAG_ID='my_first_trino_dag' AIRFLOW_CTX_TASK_ID='task_4' AIRFLOW_CTX_EXECUTION_DATE='2025-02-17T08:55:47.037039+00:00' AIRFLOW_CTX_TRY_NUMBER='1' AIRFLOW_CTX_DAG_RUN_ID='manual__2025-02-17T08:55:47.037039+00:00'
[2025-02-17T08:55:50.434+0000] {taskinstance.py:430} INFO - ::endgroup::
[2025-02-17T08:55:50.446+0000] {trino_operator.py:39} INFO - Creating Trino connection
[2025-02-17T08:55:50.446+0000] {trino_operator.py:53} INFO - Executing multiple sql statements
[2025-02-17T08:55:50.455+0000] {base.py:84} INFO - Using connection ID 'trino_connection' for task execution.
[2025-02-17T08:55:50.462+0000] {base.py:84} INFO - Using connection ID 'trino_connection' for task execution.
[2025-02-17T08:55:50.465+0000] {unix.py:142} WARNING - /etc/timezone is deprecated on Debian, and no longer reliable. Ignoring.
[2025-02-17T08:55:50.466+0000] {sql.py:511} INFO - Running statement: set time zone 'America/Chicago', parameters: None
[2025-02-17T08:55:50.502+0000] {warnings.py:112} WARNING - /home/***/.local/lib/python3.12/site-packages/***/providers/common/sql/hooks/sql.py:471: DeprecationWarning: Import of return_single_query_results from the '***.providers.common.sql.hooks' module is deprecated and will
be removed in the future. Please import it from '***.providers.common.sql.hooks.handlers'.
  if return_single_query_results(sql, return_last, split_statements):

[2025-02-17T08:55:50.503+0000] {sql.py:511} INFO - Running statement:  select now(), parameters: None
[2025-02-17T08:55:50.544+0000] {sql.py:511} INFO - Running statement:  set time zone 'UTC' , parameters: None
[2025-02-17T08:55:50.572+0000] {sql.py:511} INFO - Running statement:  select now(), parameters: None
[2025-02-17T08:55:50.621+0000] {warnings.py:112} WARNING - /home/***/.local/lib/python3.12/site-packages/***/providers/common/sql/hooks/sql.py:486: DeprecationWarning: Import of return_single_query_results from the '***.providers.common.sql.hooks' module is deprecated and will
be removed in the future. Please import it from '***.providers.common.sql.hooks.handlers'.
  if return_single_query_results(sql, return_last, split_statements):

[2025-02-17T08:55:50.621+0000] {taskinstance.py:441} INFO - ::group::Post task execution logs
[2025-02-17T08:55:50.642+0000] {taskinstance.py:1206} INFO - Marking task as SUCCESS. dag_id=my_first_trino_dag, task_id=task_4, run_id=manual__2025-02-17T08:55:47.037039+00:00, execution_date=20250217T085547, start_date=20250217T085550, end_date=20250217T085550
[2025-02-17T08:55:50.683+0000] {local_task_job_runner.py:240} INFO - Task exited with return code 0
[2025-02-17T08:55:50.698+0000] {taskinstance.py:3503} INFO - 0 downstream tasks scheduled from follow-on schedule check
[2025-02-17T08:55:50.700+0000] {local_task_job_runner.py:222} INFO - ::endgroup::
