[2025-02-17T06:29:12.498+0000] {local_task_job_runner.py:120} INFO - ::group::Pre task execution logs
[2025-02-17T06:29:12.521+0000] {taskinstance.py:2076} INFO - Dependencies all met for dep_context=non-requeueable deps ti=<TaskInstance: my_first_trino_dag.print_command manual__2025-02-17T06:29:09.677687+00:00 [queued]>
[2025-02-17T06:29:12.527+0000] {taskinstance.py:2076} INFO - Dependencies all met for dep_context=requeueable deps ti=<TaskInstance: my_first_trino_dag.print_command manual__2025-02-17T06:29:09.677687+00:00 [queued]>
[2025-02-17T06:29:12.527+0000] {taskinstance.py:2306} INFO - Starting attempt 1 of 1
[2025-02-17T06:29:12.538+0000] {taskinstance.py:2330} INFO - Executing <Task(PythonOperator): print_command> on 2025-02-17 06:29:09.677687+00:00
[2025-02-17T06:29:12.544+0000] {warnings.py:112} WARNING - /home/***/.local/lib/python3.12/site-packages/***/task/task_runner/standard_task_runner.py:61: DeprecationWarning: This process (pid=310) is multi-threaded, use of fork() may lead to deadlocks in the child.
  pid = os.fork()

[2025-02-17T06:29:12.545+0000] {standard_task_runner.py:90} INFO - Running: ['***', 'tasks', 'run', 'my_first_trino_dag', 'print_command', 'manual__2025-02-17T06:29:09.677687+00:00', '--job-id', '16', '--raw', '--subdir', 'DAGS_FOLDER/my_first_trino_dag.py', '--cfg-path', '/tmp/tmpruwb6106']
[2025-02-17T06:29:12.546+0000] {standard_task_runner.py:63} INFO - Started process 311 to run task
[2025-02-17T06:29:12.546+0000] {standard_task_runner.py:91} INFO - Job 16: Subtask print_command
[2025-02-17T06:29:12.589+0000] {task_command.py:426} INFO - Running <TaskInstance: my_first_trino_dag.print_command manual__2025-02-17T06:29:09.677687+00:00 [running]> on host 800d9ac51cc2
[2025-02-17T06:29:12.669+0000] {taskinstance.py:2648} INFO - Exporting env vars: AIRFLOW_CTX_DAG_OWNER='***' AIRFLOW_CTX_DAG_ID='my_first_trino_dag' AIRFLOW_CTX_TASK_ID='print_command' AIRFLOW_CTX_EXECUTION_DATE='2025-02-17T06:29:09.677687+00:00' AIRFLOW_CTX_TRY_NUMBER='1' AIRFLOW_CTX_DAG_RUN_ID='manual__2025-02-17T06:29:09.677687+00:00'
[2025-02-17T06:29:12.669+0000] {taskinstance.py:430} INFO - ::endgroup::
[2025-02-17T06:29:12.692+0000] {logging_mixin.py:188} INFO - Return Value:  [5332737]
[2025-02-17T06:29:12.693+0000] {python.py:237} INFO - Done. Returned value was: None
[2025-02-17T06:29:12.693+0000] {taskinstance.py:441} INFO - ::group::Post task execution logs
[2025-02-17T06:29:12.700+0000] {taskinstance.py:1206} INFO - Marking task as SUCCESS. dag_id=my_first_trino_dag, task_id=print_command, run_id=manual__2025-02-17T06:29:09.677687+00:00, execution_date=20250217T062909, start_date=20250217T062912, end_date=20250217T062912
[2025-02-17T06:29:12.719+0000] {local_task_job_runner.py:240} INFO - Task exited with return code 0
[2025-02-17T06:29:12.738+0000] {taskinstance.py:3503} INFO - 2 downstream tasks scheduled from follow-on schedule check
[2025-02-17T06:29:12.739+0000] {local_task_job_runner.py:222} INFO - ::endgroup::
